Using pre-set license
Built from '2022.3/staging' branch; Version is '2022.3.57f1 (9d8bd91adc0a) revision 10324953'; Using compiler version '192829333'; Build Type 'Release'
OS: 'Windows 11  (10.0.22631) 64bit CoreSingleLanguage' Language: 'en' Physical Memory: 16085 MB
BatchMode: 1, IsHumanControllingUs: 0, StartBugReporterOnCrash: 0, Is64bit: 1, IsPro: 1

COMMAND LINE ARGUMENTS:
C:\Program Files\Unity\Hub\Editor\2022.3.57f1\Editor\Unity.exe
-adb2
-batchMode
-noUpm
-name
AssetImportWorker1
-projectPath
C:/Users/awine/Regions at war
-logFile
Logs/AssetImportWorker1.log
-srvPort
64048
Successfully changed project path to: C:/Users/awine/Regions at war
C:/Users/awine/Regions at war
[UnityMemory] Configuration Parameters - Can be set up in boot.config
    "memorysetup-bucket-allocator-granularity=16"
    "memorysetup-bucket-allocator-bucket-count=8"
    "memorysetup-bucket-allocator-block-size=33554432"
    "memorysetup-bucket-allocator-block-count=8"
    "memorysetup-main-allocator-block-size=16777216"
    "memorysetup-thread-allocator-block-size=16777216"
    "memorysetup-gfx-main-allocator-block-size=16777216"
    "memorysetup-gfx-thread-allocator-block-size=16777216"
    "memorysetup-cache-allocator-block-size=4194304"
    "memorysetup-typetree-allocator-block-size=2097152"
    "memorysetup-profiler-bucket-allocator-granularity=16"
    "memorysetup-profiler-bucket-allocator-bucket-count=8"
    "memorysetup-profiler-bucket-allocator-block-size=33554432"
    "memorysetup-profiler-bucket-allocator-block-count=8"
    "memorysetup-profiler-allocator-block-size=16777216"
    "memorysetup-profiler-editor-allocator-block-size=1048576"
    "memorysetup-temp-allocator-size-main=16777216"
    "memorysetup-job-temp-allocator-block-size=2097152"
    "memorysetup-job-temp-allocator-block-size-background=1048576"
    "memorysetup-job-temp-allocator-reduction-small-platforms=262144"
    "memorysetup-allocator-temp-initial-block-size-main=262144"
    "memorysetup-allocator-temp-initial-block-size-worker=262144"
    "memorysetup-temp-allocator-size-background-worker=32768"
    "memorysetup-temp-allocator-size-job-worker=262144"
    "memorysetup-temp-allocator-size-preload-manager=33554432"
    "memorysetup-temp-allocator-size-nav-mesh-worker=65536"
    "memorysetup-temp-allocator-size-audio-worker=65536"
    "memorysetup-temp-allocator-size-cloud-worker=32768"
    "memorysetup-temp-allocator-size-gi-baking-worker=262144"
    "memorysetup-temp-allocator-size-gfx=262144"
Player connection [8272]  Target information:

Player connection [8272]  * "[IP] 192.168.247.1 [Port] 0 [Flags] 2 [Guid] 1103709153 [EditorId] 1103709153 [Version] 1048832 [Id] WindowsEditor(7,MSI) [Debug] 1 [PackageName] WindowsEditor [ProjectName] Editor" 

Player connection [8272]  * "[IP] 192.168.253.1 [Port] 0 [Flags] 2 [Guid] 1103709153 [EditorId] 1103709153 [Version] 1048832 [Id] WindowsEditor(7,MSI) [Debug] 1 [PackageName] WindowsEditor [ProjectName] Editor" 

Player connection [8272]  * "[IP] 10.154.74.251 [Port] 0 [Flags] 2 [Guid] 1103709153 [EditorId] 1103709153 [Version] 1048832 [Id] WindowsEditor(7,MSI) [Debug] 1 [PackageName] WindowsEditor [ProjectName] Editor" 

Player connection [8272]  * "[IP] 192.168.1.117 [Port] 0 [Flags] 2 [Guid] 1103709153 [EditorId] 1103709153 [Version] 1048832 [Id] WindowsEditor(7,MSI) [Debug] 1 [PackageName] WindowsEditor [ProjectName] Editor" 

Player connection [8272] Host joined multi-casting on [225.0.0.222:54997]...
Player connection [8272] Host joined alternative multi-casting on [225.0.0.222:34997]...
Input System module state changed to: Initialized.
[PhysX] Initialized MultithreadedTaskDispatcher with 16 workers.
Refreshing native plugins compatible for Editor in 9467.58 ms, found 3 plugins.
Preloading 0 native plugins for Editor in 0.00 ms.
Initialize engine version: 2022.3.57f1 (9d8bd91adc0a)
[Subsystems] Discovering subsystems at path C:/Program Files/Unity/Hub/Editor/2022.3.57f1/Editor/Data/Resources/UnitySubsystems
[Subsystems] Discovering subsystems at path C:/Users/awine/Regions at war/Assets
GfxDevice: creating device client; threaded=0; jobified=0
Direct3D:
    Version:  Direct3D 11.0 [level 11.1]
    Renderer: NVIDIA GeForce RTX 4050 Laptop GPU (ID=0x28a1)
    Vendor:   NVIDIA
    VRAM:     5921 MB
    Driver:   32.0.15.6614
Initialize mono
Mono path[0] = 'C:/Program Files/Unity/Hub/Editor/2022.3.57f1/Editor/Data/Managed'
Mono path[1] = 'C:/Program Files/Unity/Hub/Editor/2022.3.57f1/Editor/Data/MonoBleedingEdge/lib/mono/unityjit-win32'
Mono config path = 'C:/Program Files/Unity/Hub/Editor/2022.3.57f1/Editor/Data/MonoBleedingEdge/etc'
Using monoOptions --debugger-agent=transport=dt_socket,embedding=1,server=y,suspend=n,address=127.0.0.1:56340
Begin MonoManager ReloadAssembly
Registering precompiled unity dll's ...
Register platform support module: C:/Program Files/Unity/Hub/Editor/2022.3.57f1/Editor/Data/PlaybackEngines/WindowsStandaloneSupport/UnityEditor.WindowsStandalone.Extensions.dll
Registered in 1.045676 seconds.
- Loaded All Assemblies, in 36.373 seconds
Native extension for WindowsStandalone target not found
Mono: successfully reloaded assembly
- Finished resetting the current domain, in  1.830 seconds
Domain Reload Profiling: 38170ms
	BeginReloadAssembly (25468ms)
		ExecutionOrderSort (0ms)
		DisableScriptedObjects (0ms)
		BackupInstance (0ms)
		ReleaseScriptingObjects (0ms)
		CreateAndSetChildDomain (2ms)
	RebuildCommonClasses (2925ms)
	RebuildNativeTypeToScriptingClass (63ms)
	initialDomainReloadingComplete (1339ms)
	LoadAllAssembliesAndSetupDomain (6544ms)
		LoadAssemblies (25463ms)
		RebuildTransferFunctionScriptingTraits (0ms)
		AnalyzeDomain (6535ms)
			TypeCache.Refresh (6520ms)
				TypeCache.ScanAssembly (4731ms)
			ScanForSourceGeneratedMonoScriptInfo (3ms)
			ResolveRequiredComponents (10ms)
	FinalizeReload (1831ms)
		ReleaseScriptCaches (0ms)
		RebuildScriptCaches (0ms)
		SetupLoadedEditorAssemblies (1139ms)
			LogAssemblyErrors (0ms)
			InitializePlatformSupportModulesInManaged (57ms)
			SetLoadedEditorAssemblies (50ms)
			RefreshPlugins (0ms)
			BeforeProcessingInitializeOnLoad (22ms)
			ProcessInitializeOnLoadAttributes (830ms)
			ProcessInitializeOnLoadMethodAttributes (180ms)
			AfterProcessingInitializeOnLoad (0ms)
			EditorAssembliesLoaded (0ms)
		ExecutionOrderSort2 (0ms)
		AwakeInstancesAfterBackupRestoration (0ms)
========================================================================
Worker process is ready to serve import requests
Caller must complete domain reload
Begin MonoManager ReloadAssembly
- Loaded All Assemblies, in 38.659 seconds
Native extension for WindowsStandalone target not found
Mono: successfully reloaded assembly
- Finished resetting the current domain, in  2.708 seconds
Domain Reload Profiling: 41360ms
	BeginReloadAssembly (348ms)
		ExecutionOrderSort (0ms)
		DisableScriptedObjects (13ms)
		BackupInstance (0ms)
		ReleaseScriptingObjects (0ms)
		CreateAndSetChildDomain (37ms)
	RebuildCommonClasses (73ms)
	RebuildNativeTypeToScriptingClass (25ms)
	initialDomainReloadingComplete (106ms)
	LoadAllAssembliesAndSetupDomain (38098ms)
		LoadAssemblies (35923ms)
		RebuildTransferFunctionScriptingTraits (0ms)
		AnalyzeDomain (2391ms)
			TypeCache.Refresh (2302ms)
				TypeCache.ScanAssembly (2057ms)
			ScanForSourceGeneratedMonoScriptInfo (59ms)
			ResolveRequiredComponents (27ms)
	FinalizeReload (2709ms)
		ReleaseScriptCaches (0ms)
		RebuildScriptCaches (0ms)
		SetupLoadedEditorAssemblies (2393ms)
			LogAssemblyErrors (0ms)
			InitializePlatformSupportModulesInManaged (17ms)
			SetLoadedEditorAssemblies (9ms)
			RefreshPlugins (0ms)
			BeforeProcessingInitializeOnLoad (168ms)
			ProcessInitializeOnLoadAttributes (2057ms)
			ProcessInitializeOnLoadMethodAttributes (129ms)
			AfterProcessingInitializeOnLoad (13ms)
			EditorAssembliesLoaded (0ms)
		ExecutionOrderSort2 (0ms)
		AwakeInstancesAfterBackupRestoration (13ms)
Launched and connected shader compiler UnityShaderCompiler.exe after 0.27 seconds
Refreshing native plugins compatible for Editor in 26.06 ms, found 3 plugins.
Preloading 0 native plugins for Editor in 0.00 ms.
Unloading 4947 Unused Serialized files (Serialized files now loaded: 0)
Unloading 24 unused Assets / (348.5 KB). Loaded Objects now: 5408.
Memory consumption went from 198.7 MB to 198.4 MB.
Total: 8.073000 ms (FindLiveObjects: 0.382500 ms CreateObjectMapping: 0.203400 ms MarkObjects: 7.182000 ms  DeleteObjects: 0.302400 ms)

AssetImportParameters requested are different than current active one (requested -> active):
  custom:container-demuxer-ogg: 62fdf1f143b41e24485cea50d1cbac27 -> 
  custom:video-codec-MediaFoundation-h265: 746d11721c4dcdbdad8f713fa42b33f4 -> 
  custom:video-decoder-ogg-theora: a1e56fd34408186e4bbccfd4996cb3dc -> 
  custom:framework-win-MediaFoundation: 216162199b28c13a410421893ffa2e32 -> 
  custom:CustomObjectIndexerAttribute: 72b91833f83ae208fae7752999fa3104 -> 
  custom:container-demuxer-webm: 4f35f7cbe854078d1ac9338744f61a02 -> 
  custom:container-muxer-webm: aa71ff27fc2769a1b78a27578f13a17b -> 
  custom:video-decoder-webm-vp8: 9c59270c3fd7afecdb556c50c9e8de78 -> 
  custom:SearchIndexIgnoredProperties: e643bd26f0fe6173181afceb89e7c659 -> 
  custom:AudioImporter_EditorPlatform: d09bf68614088b80899f8185d706f6e7 -> 
  custom:video-encoder-webm-vp8: eb34c28f22e8b96e1ab97ce403110664 -> 
  custom:audio-decoder-ogg-vorbis: bf7c407c2cedff20999df2af8eb42d56 -> 
  custom:audio-encoder-webm-vorbis: bf7c407c2cedff20999df2af8eb42d56 -> 
========================================================================
Received Import Request.
  Time since last request: 2512.163010 seconds.
  path: Assets/Scenes/County_boundaries/Scottish_county_boundaries.svg
  artifactKey: Guid(5be2c2ce885faa44a964544b9a87e172) Importer(815301076,1909f56bfc062723c751e8b465ee728b)
Start importing Assets/Scenes/County_boundaries/Scottish_county_boundaries.svg using Guid(5be2c2ce885faa44a964544b9a87e172) Importer(815301076,1909f56bfc062723c751e8b465ee728b) [PhysX] Initialized MultithreadedTaskDispatcher with 16 workers.
[PhysX] Initialized MultithreadedTaskDispatcher with 16 workers.
 -> (artifact id: 'd319d70c0a5c7474e1fc02795ee8fdce') in 0.897501 seconds
Number of updated asset objects reloaded before import = 0
Number of asset objects unloaded after import = 27
========================================================================
Received Import Request.
  Time since last request: 10735.298646 seconds.
  path: Assets/Scenes/country_fills/england_country_fill/Berkshire_1_.svg
  artifactKey: Guid(251f62432f0e2f04fb98e85236e40231) Importer(815301076,1909f56bfc062723c751e8b465ee728b)
Start importing Assets/Scenes/country_fills/england_country_fill/Berkshire_1_.svg using Guid(251f62432f0e2f04fb98e85236e40231) Importer(815301076,1909f56bfc062723c751e8b465ee728b) [PhysX] Initialized MultithreadedTaskDispatcher with 16 workers.
[PhysX] Initialized MultithreadedTaskDispatcher with 16 workers.
 -> (artifact id: '3898db1390c569c592bbda13d7b66bb5') in 0.219752 seconds
Number of updated asset objects reloaded before import = 0
Number of asset objects unloaded after import = 8
========================================================================
Received Import Request.
  Time since last request: 0.304123 seconds.
  path: Assets/Scenes/country_fills/england_country_fill/Buckinghamshire_1_.svg
  artifactKey: Guid(57a8ca7e700590148ac95adb5918269d) Importer(815301076,1909f56bfc062723c751e8b465ee728b)
Start importing Assets/Scenes/country_fills/england_country_fill/Buckinghamshire_1_.svg using Guid(57a8ca7e700590148ac95adb5918269d) Importer(815301076,1909f56bfc062723c751e8b465ee728b) [PhysX] Initialized MultithreadedTaskDispatcher with 16 workers.
[PhysX] Initialized MultithreadedTaskDispatcher with 16 workers.
 -> (artifact id: 'b5083c0669c64d522a318559ede76aa7') in 0.036084 seconds
Number of updated asset objects reloaded before import = 0
Number of asset objects unloaded after import = 8
========================================================================
Received Import Request.
  Time since last request: 0.000030 seconds.
  path: Assets/Scenes/country_fills/england_country_fill/East_Riding_of_Yorkshire_1_.svg
  artifactKey: Guid(1637520787355c84e9b5dad9343dfcaa) Importer(815301076,1909f56bfc062723c751e8b465ee728b)
Start importing Assets/Scenes/country_fills/england_country_fill/East_Riding_of_Yorkshire_1_.svg using Guid(1637520787355c84e9b5dad9343dfcaa) Importer(815301076,1909f56bfc062723c751e8b465ee728b) [PhysX] Initialized MultithreadedTaskDispatcher with 16 workers.
[PhysX] Initialized MultithreadedTaskDispatcher with 16 workers.
 -> (artifact id: 'a2ade54b3705ba111552f3dac7c96054') in 0.037753 seconds
Number of updated asset objects reloaded before import = 0
Number of asset objects unloaded after import = 8
========================================================================
Received Import Request.
  Time since last request: 0.000023 seconds.
  path: Assets/Scenes/country_fills/england_country_fill/Kent.svg
  artifactKey: Guid(36ea5151f69e35d49ba35e4370c65112) Importer(815301076,1909f56bfc062723c751e8b465ee728b)
Start importing Assets/Scenes/country_fills/england_country_fill/Kent.svg using Guid(36ea5151f69e35d49ba35e4370c65112) Importer(815301076,1909f56bfc062723c751e8b465ee728b) [PhysX] Initialized MultithreadedTaskDispatcher with 16 workers.
[PhysX] Initialized MultithreadedTaskDispatcher with 16 workers.
 -> (artifact id: '6a40657e64f5f68810e989e17fa69de6') in 0.037718 seconds
Number of updated asset objects reloaded before import = 0
Number of asset objects unloaded after import = 8
========================================================================
Received Import Request.
  Time since last request: 0.000044 seconds.
  path: Assets/Scenes/country_fills/england_country_fill/Isle_of_Wight_3_.svg
  artifactKey: Guid(124ac6d10759b614cb45043104c21de2) Importer(815301076,1909f56bfc062723c751e8b465ee728b)
Start importing Assets/Scenes/country_fills/england_country_fill/Isle_of_Wight_3_.svg using Guid(124ac6d10759b614cb45043104c21de2) Importer(815301076,1909f56bfc062723c751e8b465ee728b) [PhysX] Initialized MultithreadedTaskDispatcher with 16 workers.
[PhysX] Initialized MultithreadedTaskDispatcher with 16 workers.
 -> (artifact id: 'b612a83358a7dde4ceb994fd132e69c8') in 0.036042 seconds
Number of updated asset objects reloaded before import = 0
Number of asset objects unloaded after import = 8
========================================================================
Received Import Request.
  Time since last request: 0.000049 seconds.
  path: Assets/Scenes/country_fills/england_country_fill/Herefordshire_1_.svg
  artifactKey: Guid(dc46be46bd1dc5c4390e751a45060d77) Importer(815301076,1909f56bfc062723c751e8b465ee728b)
Start importing Assets/Scenes/country_fills/england_country_fill/Herefordshire_1_.svg using Guid(dc46be46bd1dc5c4390e751a45060d77) Importer(815301076,1909f56bfc062723c751e8b465ee728b) [PhysX] Initialized MultithreadedTaskDispatcher with 16 workers.
[PhysX] Initialized MultithreadedTaskDispatcher with 16 workers.
 -> (artifact id: '0dc907ecba053e54a9e6754e6ffcdbef') in 0.045491 seconds
Number of updated asset objects reloaded before import = 0
Number of asset objects unloaded after import = 8
========================================================================
Received Import Request.
  Time since last request: 0.000043 seconds.
  path: Assets/Scenes/country_fills/england_country_fill/Gloucestershire_1_.svg
  artifactKey: Guid(630be3d2fd0887b46962ff93b3f4797c) Importer(815301076,1909f56bfc062723c751e8b465ee728b)
Start importing Assets/Scenes/country_fills/england_country_fill/Gloucestershire_1_.svg using Guid(630be3d2fd0887b46962ff93b3f4797c) Importer(815301076,1909f56bfc062723c751e8b465ee728b) [PhysX] Initialized MultithreadedTaskDispatcher with 16 workers.
[PhysX] Initialized MultithreadedTaskDispatcher with 16 workers.
 -> (artifact id: 'bb606363ff549587732947dd58c4c154') in 0.049386 seconds
Number of updated asset objects reloaded before import = 0
Number of asset objects unloaded after import = 8
========================================================================
Received Import Request.
  Time since last request: 0.000046 seconds.
  path: Assets/Scenes/country_fills/england_country_fill/Dorset_2_.svg
  artifactKey: Guid(51b0013222ac75d4c80e4192089d28ce) Importer(815301076,1909f56bfc062723c751e8b465ee728b)
Start importing Assets/Scenes/country_fills/england_country_fill/Dorset_2_.svg using Guid(51b0013222ac75d4c80e4192089d28ce) Importer(815301076,1909f56bfc062723c751e8b465ee728b) [PhysX] Initialized MultithreadedTaskDispatcher with 16 workers.
[PhysX] Initialized MultithreadedTaskDispatcher with 16 workers.
 -> (artifact id: '3c91930420bdc5cd36db6e0cc13fc58b') in 0.042396 seconds
Number of updated asset objects reloaded before import = 0
Number of asset objects unloaded after import = 8
========================================================================
Received Import Request.
  Time since last request: 0.000042 seconds.
  path: Assets/Scenes/country_fills/england_country_fill/Hampshire_1_.svg
  artifactKey: Guid(d41e02c7f9778f9409cd933e53d62388) Importer(815301076,1909f56bfc062723c751e8b465ee728b)
Start importing Assets/Scenes/country_fills/england_country_fill/Hampshire_1_.svg using Guid(d41e02c7f9778f9409cd933e53d62388) Importer(815301076,1909f56bfc062723c751e8b465ee728b) [PhysX] Initialized MultithreadedTaskDispatcher with 16 workers.
[PhysX] Initialized MultithreadedTaskDispatcher with 16 workers.
 -> (artifact id: '5a508d6ee2bb92fbeb02f41f78ad8b5f') in 0.051942 seconds
Number of updated asset objects reloaded before import = 0
Number of asset objects unloaded after import = 8
========================================================================
Received Import Request.
  Time since last request: 0.000040 seconds.
  path: Assets/Scenes/country_fills/england_country_fill/East_Sussex_1_.svg
  artifactKey: Guid(c5a62642192af9d48927f0d940dc5da0) Importer(815301076,1909f56bfc062723c751e8b465ee728b)
Start importing Assets/Scenes/country_fills/england_country_fill/East_Sussex_1_.svg using Guid(c5a62642192af9d48927f0d940dc5da0) Importer(815301076,1909f56bfc062723c751e8b465ee728b) [PhysX] Initialized MultithreadedTaskDispatcher with 16 workers.
[PhysX] Initialized MultithreadedTaskDispatcher with 16 workers.
 -> (artifact id: '06c58189ab898968946e9aa4825a8a16') in 0.036889 seconds
Number of updated asset objects reloaded before import = 0
Number of asset objects unloaded after import = 8
========================================================================
Received Import Request.
  Time since last request: 0.000058 seconds.
  path: Assets/Scenes/country_fills/england_country_fill/Durham_1_.svg
  artifactKey: Guid(7a00acf72c056c941bbbc513817892d3) Importer(815301076,1909f56bfc062723c751e8b465ee728b)
Start importing Assets/Scenes/country_fills/england_country_fill/Durham_1_.svg using Guid(7a00acf72c056c941bbbc513817892d3) Importer(815301076,1909f56bfc062723c751e8b465ee728b) [PhysX] Initialized MultithreadedTaskDispatcher with 16 workers.
[PhysX] Initialized MultithreadedTaskDispatcher with 16 workers.
 -> (artifact id: '0e30ee46c9c6ef502e5244502487b25e') in 0.040636 seconds
Number of updated asset objects reloaded before import = 0
Number of asset objects unloaded after import = 8
========================================================================
Received Import Request.
  Time since last request: 0.000057 seconds.
  path: Assets/Scenes/country_fills/england_country_fill/Cornwall_1_.svg
  artifactKey: Guid(94f07d3c5bf767847aa1fa95f1464080) Importer(815301076,1909f56bfc062723c751e8b465ee728b)
Start importing Assets/Scenes/country_fills/england_country_fill/Cornwall_1_.svg using Guid(94f07d3c5bf767847aa1fa95f1464080) Importer(815301076,1909f56bfc062723c751e8b465ee728b) [PhysX] Initialized MultithreadedTaskDispatcher with 16 workers.
[PhysX] Initialized MultithreadedTaskDispatcher with 16 workers.
 -> (artifact id: 'bf3a68883da422792773783216ea1c8e') in 0.040874 seconds
Number of updated asset objects reloaded before import = 0
Number of asset objects unloaded after import = 8
========================================================================
Received Import Request.
  Time since last request: 0.000088 seconds.
  path: Assets/Scenes/country_fills/england_country_fill/Devon.svg
  artifactKey: Guid(1410303aae9b3f04c842fa54241c39be) Importer(815301076,1909f56bfc062723c751e8b465ee728b)
Start importing Assets/Scenes/country_fills/england_country_fill/Devon.svg using Guid(1410303aae9b3f04c842fa54241c39be) Importer(815301076,1909f56bfc062723c751e8b465ee728b) [PhysX] Initialized MultithreadedTaskDispatcher with 16 workers.
[PhysX] Initialized MultithreadedTaskDispatcher with 16 workers.
 -> (artifact id: '9da40a2a08aad2221d34b5e901f3ca33') in 0.065346 seconds
Number of updated asset objects reloaded before import = 0
Number of asset objects unloaded after import = 8
========================================================================
Received Import Request.
  Time since last request: 7.107886 seconds.
  path: Assets/Scenes/country_fills/england_country_fill/London_1_.svg
  artifactKey: Guid(1581ba98b4646644a9c18607cbc53928) Importer(815301076,1909f56bfc062723c751e8b465ee728b)
Start importing Assets/Scenes/country_fills/england_country_fill/London_1_.svg using Guid(1581ba98b4646644a9c18607cbc53928) Importer(815301076,1909f56bfc062723c751e8b465ee728b) [PhysX] Initialized MultithreadedTaskDispatcher with 16 workers.
[PhysX] Initialized MultithreadedTaskDispatcher with 16 workers.
 -> (artifact id: '252287e084b95dbb8cc72c0115837a2d') in 0.065635 seconds
Number of updated asset objects reloaded before import = 0
Number of asset objects unloaded after import = 8
========================================================================
Received Import Request.
  Time since last request: 0.000052 seconds.
  path: Assets/Scenes/country_fills/england_country_fill/Northamptonshire_1_.svg
  artifactKey: Guid(60d09b9fb09ed8e488674906b49f85d2) Importer(815301076,1909f56bfc062723c751e8b465ee728b)
Start importing Assets/Scenes/country_fills/england_country_fill/Northamptonshire_1_.svg using Guid(60d09b9fb09ed8e488674906b49f85d2) Importer(815301076,1909f56bfc062723c751e8b465ee728b) [PhysX] Initialized MultithreadedTaskDispatcher with 16 workers.
[PhysX] Initialized MultithreadedTaskDispatcher with 16 workers.
 -> (artifact id: '3d36e5bbc4b1b5adddbee19d9c66ea06') in 0.078611 seconds
Number of updated asset objects reloaded before import = 0
Number of asset objects unloaded after import = 8
========================================================================
Received Import Request.
  Time since last request: 0.000126 seconds.
  path: Assets/Scenes/country_fills/england_country_fill/North_Yorkshire_1_.svg
  artifactKey: Guid(e990662ad34554c419e2ff9d0be8835b) Importer(815301076,1909f56bfc062723c751e8b465ee728b)
Start importing Assets/Scenes/country_fills/england_country_fill/North_Yorkshire_1_.svg using Guid(e990662ad34554c419e2ff9d0be8835b) Importer(815301076,1909f56bfc062723c751e8b465ee728b) [PhysX] Initialized MultithreadedTaskDispatcher with 16 workers.
[PhysX] Initialized MultithreadedTaskDispatcher with 16 workers.
 -> (artifact id: '18277bcdbddb131f31c5c5f200e889ec') in 0.085470 seconds
Number of updated asset objects reloaded before import = 0
Number of asset objects unloaded after import = 8
========================================================================
Received Import Request.
  Time since last request: 0.000119 seconds.
  path: Assets/Scenes/country_fills/england_country_fill/Merseyside.svg
  artifactKey: Guid(5cd8a3e1b58e0124b97549827a2a3950) Importer(815301076,1909f56bfc062723c751e8b465ee728b)
Start importing Assets/Scenes/country_fills/england_country_fill/Merseyside.svg using Guid(5cd8a3e1b58e0124b97549827a2a3950) Importer(815301076,1909f56bfc062723c751e8b465ee728b) [PhysX] Initialized MultithreadedTaskDispatcher with 16 workers.
[PhysX] Initialized MultithreadedTaskDispatcher with 16 workers.
 -> (artifact id: 'e0d7d7c5ffe6ca9b154fd5e4f79ac65f') in 0.045780 seconds
Number of updated asset objects reloaded before import = 0
Number of asset objects unloaded after import = 8
========================================================================
Received Import Request.
  Time since last request: 0.000024 seconds.
  path: Assets/Scenes/country_fills/england_country_fill/Staffordshire_1_.svg
  artifactKey: Guid(28a98dda74cdfaf4b91ad60ab5233d67) Importer(815301076,1909f56bfc062723c751e8b465ee728b)
Start importing Assets/Scenes/country_fills/england_country_fill/Staffordshire_1_.svg using Guid(28a98dda74cdfaf4b91ad60ab5233d67) Importer(815301076,1909f56bfc062723c751e8b465ee728b) [PhysX] Initialized MultithreadedTaskDispatcher with 16 workers.
[PhysX] Initialized MultithreadedTaskDispatcher with 16 workers.
 -> (artifact id: 'da5e1bbc188dc12b1de7e6213fdf285c') in 0.065530 seconds
Number of updated asset objects reloaded before import = 0
Number of asset objects unloaded after import = 8
========================================================================
Received Import Request.
  Time since last request: 0.000346 seconds.
  path: Assets/Scenes/country_fills/england_country_fill/Tyne_and_wear_.svg
  artifactKey: Guid(3aa26f847d1f8c24d8515343d18bc55c) Importer(815301076,1909f56bfc062723c751e8b465ee728b)
Start importing Assets/Scenes/country_fills/england_country_fill/Tyne_and_wear_.svg using Guid(3aa26f847d1f8c24d8515343d18bc55c) Importer(815301076,1909f56bfc062723c751e8b465ee728b) [PhysX] Initialized MultithreadedTaskDispatcher with 16 workers.
[PhysX] Initialized MultithreadedTaskDispatcher with 16 workers.
 -> (artifact id: '7c3b3804a199e47f2aeffde2ece4d938') in 0.107231 seconds
Number of updated asset objects reloaded before import = 0
Number of asset objects unloaded after import = 8
========================================================================
Received Import Request.
  Time since last request: 0.000144 seconds.
  path: Assets/Scenes/country_fills/england_country_fill/West_Midlands_1_.svg
  artifactKey: Guid(a9002c5181e9c9e4ab22e2523f791bb4) Importer(815301076,1909f56bfc062723c751e8b465ee728b)
Start importing Assets/Scenes/country_fills/england_country_fill/West_Midlands_1_.svg using Guid(a9002c5181e9c9e4ab22e2523f791bb4) Importer(815301076,1909f56bfc062723c751e8b465ee728b) [PhysX] Initialized MultithreadedTaskDispatcher with 16 workers.
[PhysX] Initialized MultithreadedTaskDispatcher with 16 workers.
 -> (artifact id: 'c50108b282f9b2ed02a831dec51af052') in 0.102966 seconds
Number of updated asset objects reloaded before import = 0
Number of asset objects unloaded after import = 8
========================================================================
Received Import Request.
  Time since last request: 0.000120 seconds.
  path: Assets/Scenes/country_fills/england_country_fill/Warwickshire_1_.svg
  artifactKey: Guid(5db2c49897d3d6f418926dc74619532d) Importer(815301076,1909f56bfc062723c751e8b465ee728b)
Start importing Assets/Scenes/country_fills/england_country_fill/Warwickshire_1_.svg using Guid(5db2c49897d3d6f418926dc74619532d) Importer(815301076,1909f56bfc062723c751e8b465ee728b) [PhysX] Initialized MultithreadedTaskDispatcher with 16 workers.
[PhysX] Initialized MultithreadedTaskDispatcher with 16 workers.
 -> (artifact id: 'a9aed76c1b27f5044bfa7e3344d1bee6') in 0.087013 seconds
Number of updated asset objects reloaded before import = 0
Number of asset objects unloaded after import = 8
========================================================================
Received Import Request.
  Time since last request: 0.000114 seconds.
  path: Assets/Scenes/country_fills/england_country_fill/West_Yorkshire_1_.svg
  artifactKey: Guid(c8e6b76e706392d4cb2e7426ed7f1227) Importer(815301076,1909f56bfc062723c751e8b465ee728b)
Start importing Assets/Scenes/country_fills/england_country_fill/West_Yorkshire_1_.svg using Guid(c8e6b76e706392d4cb2e7426ed7f1227) Importer(815301076,1909f56bfc062723c751e8b465ee728b) [PhysX] Initialized MultithreadedTaskDispatcher with 16 workers.
[PhysX] Initialized MultithreadedTaskDispatcher with 16 workers.
 -> (artifact id: 'd961b6467f5c34b186a2cba65142882f') in 0.034871 seconds
Number of updated asset objects reloaded before import = 0
Number of asset objects unloaded after import = 8
========================================================================
Received Import Request.
  Time since last request: 0.000073 seconds.
  path: Assets/Scenes/country_fills/england_country_fill/Shropshire_1_.svg
  artifactKey: Guid(5f48b72d7723c534e8aa537dc981aef0) Importer(815301076,1909f56bfc062723c751e8b465ee728b)
Start importing Assets/Scenes/country_fills/england_country_fill/Shropshire_1_.svg using Guid(5f48b72d7723c534e8aa537dc981aef0) Importer(815301076,1909f56bfc062723c751e8b465ee728b) [PhysX] Initialized MultithreadedTaskDispatcher with 16 workers.
[PhysX] Initialized MultithreadedTaskDispatcher with 16 workers.
 -> (artifact id: 'f6787c133cd411f25133603dc1af862b') in 0.075879 seconds
Number of updated asset objects reloaded before import = 0
Number of asset objects unloaded after import = 8
========================================================================
Received Import Request.
  Time since last request: 0.000083 seconds.
  path: Assets/Scenes/country_fills/england_country_fill/Wiltshire_1_.svg
  artifactKey: Guid(74bfc3a1e3dd8ed4b957948d73db5ad5) Importer(815301076,1909f56bfc062723c751e8b465ee728b)
Start importing Assets/Scenes/country_fills/england_country_fill/Wiltshire_1_.svg using Guid(74bfc3a1e3dd8ed4b957948d73db5ad5) Importer(815301076,1909f56bfc062723c751e8b465ee728b) [PhysX] Initialized MultithreadedTaskDispatcher with 16 workers.
[PhysX] Initialized MultithreadedTaskDispatcher with 16 workers.
 -> (artifact id: '7ef6532c92b39649ee965a29f7f2bce5') in 0.047001 seconds
Number of updated asset objects reloaded before import = 0
Number of asset objects unloaded after import = 8
========================================================================
Received Import Request.
  Time since last request: 0.000088 seconds.
  path: Assets/Scenes/country_fills/england_country_fill/Suffolk_1_.svg
  artifactKey: Guid(04e5ae736d1a9bd448e94d7948624c2a) Importer(815301076,1909f56bfc062723c751e8b465ee728b)
Start importing Assets/Scenes/country_fills/england_country_fill/Suffolk_1_.svg using Guid(04e5ae736d1a9bd448e94d7948624c2a) Importer(815301076,1909f56bfc062723c751e8b465ee728b) [PhysX] Initialized MultithreadedTaskDispatcher with 16 workers.
[PhysX] Initialized MultithreadedTaskDispatcher with 16 workers.
 -> (artifact id: '5ef48f4415d9ff5d5ea000ae76700136') in 0.041572 seconds
Number of updated asset objects reloaded before import = 0
Number of asset objects unloaded after import = 8
Editor requested this worker to shutdown with reason: Scaling down because of idle timeout
TcpMessagingSession - receive error: operation aborted. errorcode: 995, details: The I/O operation has been aborted because of either a thread exit or an application request.
AssetImportWorker is now disconnected from the server
Process exiting
Exiting without the bug reporter. Application will terminate with return code 0